<?xml version="1.0" encoding="UTF-8"?>
<!-- Generated by org.testng.reporters.JUnitReportReporter -->
<testsuite skipped="0" hostname="AV-PC" name="com.crm.qa.testcases.LoginPageTest" tests="3" failures="0" timestamp="20 Jun 2018 01:01:20 GMT" time="25.051" errors="0">
  <testcase name="SignUpBtnTest" time="7.902" classname="com.crm.qa.testcases.LoginPageTest"/>
  <testcase name="crmLogoTest" time="7.995" classname="com.crm.qa.testcases.LoginPageTest"/>
  <testcase name="loginPageTitleTest" time="9.154" classname="com.crm.qa.testcases.LoginPageTest"/>
</testsuite> <!-- com.crm.qa.testcases.LoginPageTest -->
